<?xml version="1.0" encoding="UTF-8"?>
<testng-results skipped="0" failed="0" ignored="0" total="2" passed="2">
  <reporter-output>
  </reporter-output>
  <suite name="Default suite" duration-ms="43" started-at="2019-02-05T12:07:59Z" finished-at="2019-02-05T12:07:59Z">
    <groups>
    </groups>
    <test name="Default test" duration-ms="43" started-at="2019-02-05T12:07:59Z" finished-at="2019-02-05T12:07:59Z">
      <class name="com.qainfotech.TestNgProject.TestConsecutiveString">
        <test-method status="PASS" signature="TestcheckConsecutive()[pri:0, instance:com.qainfotech.TestNgProject.TestConsecutiveString@4f933fd1]" name="TestcheckConsecutive" duration-ms="12" started-at="2019-02-05T12:07:59Z" finished-at="2019-02-05T12:07:59Z">
          <reporter-output>
          </reporter-output>
        </test-method> <!-- TestcheckConsecutive -->
        <test-method status="PASS" signature="TestcheckConsecutiveNull()[pri:0, instance:com.qainfotech.TestNgProject.TestConsecutiveString@4f933fd1]" name="TestcheckConsecutiveNull" duration-ms="1" started-at="2019-02-05T12:07:59Z" finished-at="2019-02-05T12:07:59Z">
          <reporter-output>
          </reporter-output>
        </test-method> <!-- TestcheckConsecutiveNull -->
      </class> <!-- com.qainfotech.TestNgProject.TestConsecutiveString -->
    </test> <!-- Default test -->
  </suite> <!-- Default suite -->
</testng-results>
