<?xml version="1.0" encoding="UTF-8"?>
<!-- Generated by org.testng.reporters.JUnitXMLReporter -->
<testsuite hostname="qait-7" ignored="0" name="Default test" tests="2" failures="0" timestamp="05 Feb 2019 12:07:59 GMT" time="0.043" errors="0">
  <testcase name="TestcheckConsecutive" time="0.012" classname="com.qainfotech.TestNgProject.TestConsecutiveString"/>
  <testcase name="TestcheckConsecutiveNull" time="0.001" classname="com.qainfotech.TestNgProject.TestConsecutiveString"/>
</testsuite> <!-- Default test -->
